2019-09-11 11:59:09 - PHP Warning:  pg_connect(): Unable to connect to PostgreSQL server: invalid connection option &quot;hostname&quot; in /Users/andrew/workspace/www/myopencart/system/library/db/pgsql.php on line 7
2019-09-11 11:59:41 - PHP Warning:  pg_connect(): Unable to connect to PostgreSQL server: invalid connection option &quot;hostname&quot; in /Users/andrew/workspace/www/myopencart/system/library/db/pgsql.php on line 7
2019-09-11 11:59:49 - PHP Warning:  pg_connect(): Unable to connect to PostgreSQL server: invalid connection option &quot;hostname&quot; in /Users/andrew/workspace/www/myopencart/system/library/db/pgsql.php on line 7
2019-09-11 11:59:54 - PHP Warning:  pg_connect(): Unable to connect to PostgreSQL server: invalid connection option &quot;hostname&quot; in /Users/andrew/workspace/www/myopencart/system/library/db/pgsql.php on line 7
2019-09-11 11:59:59 - PHP Warning:  pg_connect(): Unable to connect to PostgreSQL server: invalid connection option &quot;hostname&quot; in /Users/andrew/workspace/www/myopencart/system/library/db/pgsql.php on line 7
2019-09-11 12:02:50 - PHP Warning:  mysqli::__construct(): (HY000/2002): No such file or directory in /Users/andrew/workspace/www/myopencart/system/library/db/mysqli.php on line 7
2019-09-11 12:02:50 - PHP Warning:  DB\MySQLi::__construct(): Couldn't fetch mysqli in /Users/andrew/workspace/www/myopencart/system/library/db/mysqli.php on line 10
2019-09-11 12:02:50 - PHP Warning:  DB\MySQLi::__construct(): Couldn't fetch mysqli in /Users/andrew/workspace/www/myopencart/system/library/db/mysqli.php on line 10
2019-09-11 12:02:50 - PHP Notice:  Undefined variable: mysql in /Users/andrew/workspace/www/myopencart/install/controller/install/step_3.php on line 280
2019-09-11 12:02:50 - PHP Notice:  Trying to get property of non-object in /Users/andrew/workspace/www/myopencart/install/controller/install/step_3.php on line 280
2019-09-11 12:05:18 - PHP Warning:  mysqli::__construct(): (HY000/2002): No such file or directory in /Users/andrew/workspace/www/myopencart/system/library/db/mysqli.php on line 7
2019-09-11 12:05:18 - PHP Warning:  DB\MySQLi::__construct(): Couldn't fetch mysqli in /Users/andrew/workspace/www/myopencart/system/library/db/mysqli.php on line 10
2019-09-11 12:05:18 - PHP Warning:  DB\MySQLi::__construct(): Couldn't fetch mysqli in /Users/andrew/workspace/www/myopencart/system/library/db/mysqli.php on line 10
2019-09-11 12:05:18 - PHP Notice:  Undefined variable: mysql in /Users/andrew/workspace/www/myopencart/install/controller/install/step_3.php on line 280
2019-09-11 12:05:18 - PHP Notice:  Trying to get property of non-object in /Users/andrew/workspace/www/myopencart/install/controller/install/step_3.php on line 280
2019-09-11 12:07:11 - PHP Warning:  mysqli::__construct(): (HY000/2002): No such file or directory in /Users/andrew/workspace/www/myopencart/system/library/db/mysqli.php on line 7
2019-09-11 12:07:11 - PHP Warning:  var_dump(): Property access is not allowed yet in /Users/andrew/workspace/www/myopencart/system/library/db/mysqli.php on line 8
2019-09-11 12:07:11 - PHP Warning:  var_dump(): Property access is not allowed yet in /Users/andrew/workspace/www/myopencart/system/library/db/mysqli.php on line 8
2019-09-11 12:07:11 - PHP Warning:  var_dump(): Couldn't fetch mysqli in /Users/andrew/workspace/www/myopencart/system/library/db/mysqli.php on line 8
2019-09-11 12:07:11 - PHP Warning:  var_dump(): Couldn't fetch mysqli in /Users/andrew/workspace/www/myopencart/system/library/db/mysqli.php on line 8
2019-09-11 12:07:11 - PHP Warning:  var_dump(): Property access is not allowed yet in /Users/andrew/workspace/www/myopencart/system/library/db/mysqli.php on line 8
2019-09-11 12:07:11 - PHP Warning:  var_dump(): Couldn't fetch mysqli in /Users/andrew/workspace/www/myopencart/system/library/db/mysqli.php on line 8
2019-09-11 12:07:11 - PHP Warning:  var_dump(): Couldn't fetch mysqli in /Users/andrew/workspace/www/myopencart/system/library/db/mysqli.php on line 8
2019-09-11 12:07:11 - PHP Warning:  var_dump(): Couldn't fetch mysqli in /Users/andrew/workspace/www/myopencart/system/library/db/mysqli.php on line 8
2019-09-11 12:07:11 - PHP Warning:  var_dump(): Couldn't fetch mysqli in /Users/andrew/workspace/www/myopencart/system/library/db/mysqli.php on line 8
2019-09-11 12:07:11 - PHP Warning:  var_dump(): Couldn't fetch mysqli in /Users/andrew/workspace/www/myopencart/system/library/db/mysqli.php on line 8
2019-09-11 12:07:11 - PHP Warning:  var_dump(): Couldn't fetch mysqli in /Users/andrew/workspace/www/myopencart/system/library/db/mysqli.php on line 8
2019-09-11 12:07:11 - PHP Warning:  var_dump(): Property access is not allowed yet in /Users/andrew/workspace/www/myopencart/system/library/db/mysqli.php on line 8
2019-09-11 12:07:11 - PHP Warning:  var_dump(): Couldn't fetch mysqli in /Users/andrew/workspace/www/myopencart/system/library/db/mysqli.php on line 8
2019-09-11 12:07:11 - PHP Warning:  var_dump(): Couldn't fetch mysqli in /Users/andrew/workspace/www/myopencart/system/library/db/mysqli.php on line 8
2019-09-11 12:07:11 - PHP Warning:  var_dump(): Couldn't fetch mysqli in /Users/andrew/workspace/www/myopencart/system/library/db/mysqli.php on line 8
2019-09-11 12:07:11 - PHP Warning:  var_dump(): Couldn't fetch mysqli in /Users/andrew/workspace/www/myopencart/system/library/db/mysqli.php on line 8
2019-09-11 12:07:11 - PHP Warning:  DB\MySQLi::__construct(): Couldn't fetch mysqli in /Users/andrew/workspace/www/myopencart/system/library/db/mysqli.php on line 10
2019-09-11 12:07:11 - PHP Warning:  DB\MySQLi::__construct(): Couldn't fetch mysqli in /Users/andrew/workspace/www/myopencart/system/library/db/mysqli.php on line 10
2019-09-11 12:07:11 - PHP Notice:  Undefined variable: mysql in /Users/andrew/workspace/www/myopencart/install/controller/install/step_3.php on line 280
2019-09-11 12:07:11 - PHP Notice:  Trying to get property of non-object in /Users/andrew/workspace/www/myopencart/install/controller/install/step_3.php on line 280
2019-09-11 12:08:14 - PHP Warning:  mysqli::__construct(): (HY000/2002): No such file or directory in /Users/andrew/workspace/www/myopencart/system/library/db/mysqli.php on line 7
2019-09-11 12:08:14 - PHP Warning:  var_dump(): Property access is not allowed yet in /Users/andrew/workspace/www/myopencart/system/library/db/mysqli.php on line 9
2019-09-11 12:08:14 - PHP Warning:  var_dump(): Property access is not allowed yet in /Users/andrew/workspace/www/myopencart/system/library/db/mysqli.php on line 9
2019-09-11 12:08:14 - PHP Warning:  var_dump(): Couldn't fetch mysqli in /Users/andrew/workspace/www/myopencart/system/library/db/mysqli.php on line 9
2019-09-11 12:08:14 - PHP Warning:  var_dump(): Couldn't fetch mysqli in /Users/andrew/workspace/www/myopencart/system/library/db/mysqli.php on line 9
2019-09-11 12:08:14 - PHP Warning:  var_dump(): Property access is not allowed yet in /Users/andrew/workspace/www/myopencart/system/library/db/mysqli.php on line 9
2019-09-11 12:08:14 - PHP Warning:  var_dump(): Couldn't fetch mysqli in /Users/andrew/workspace/www/myopencart/system/library/db/mysqli.php on line 9
2019-09-11 12:08:14 - PHP Warning:  var_dump(): Couldn't fetch mysqli in /Users/andrew/workspace/www/myopencart/system/library/db/mysqli.php on line 9
2019-09-11 12:08:14 - PHP Warning:  var_dump(): Couldn't fetch mysqli in /Users/andrew/workspace/www/myopencart/system/library/db/mysqli.php on line 9
2019-09-11 12:08:14 - PHP Warning:  var_dump(): Couldn't fetch mysqli in /Users/andrew/workspace/www/myopencart/system/library/db/mysqli.php on line 9
2019-09-11 12:08:14 - PHP Warning:  var_dump(): Couldn't fetch mysqli in /Users/andrew/workspace/www/myopencart/system/library/db/mysqli.php on line 9
2019-09-11 12:08:14 - PHP Warning:  var_dump(): Couldn't fetch mysqli in /Users/andrew/workspace/www/myopencart/system/library/db/mysqli.php on line 9
2019-09-11 12:08:14 - PHP Warning:  var_dump(): Property access is not allowed yet in /Users/andrew/workspace/www/myopencart/system/library/db/mysqli.php on line 9
2019-09-11 12:08:14 - PHP Warning:  var_dump(): Couldn't fetch mysqli in /Users/andrew/workspace/www/myopencart/system/library/db/mysqli.php on line 9
2019-09-11 12:08:14 - PHP Warning:  var_dump(): Couldn't fetch mysqli in /Users/andrew/workspace/www/myopencart/system/library/db/mysqli.php on line 9
2019-09-11 12:08:14 - PHP Warning:  var_dump(): Couldn't fetch mysqli in /Users/andrew/workspace/www/myopencart/system/library/db/mysqli.php on line 9
2019-09-11 12:08:14 - PHP Warning:  var_dump(): Couldn't fetch mysqli in /Users/andrew/workspace/www/myopencart/system/library/db/mysqli.php on line 9
2019-09-11 12:08:14 - PHP Warning:  DB\MySQLi::__construct(): Couldn't fetch mysqli in /Users/andrew/workspace/www/myopencart/system/library/db/mysqli.php on line 13
2019-09-11 12:08:14 - PHP Warning:  DB\MySQLi::__construct(): Couldn't fetch mysqli in /Users/andrew/workspace/www/myopencart/system/library/db/mysqli.php on line 13
2019-09-11 12:08:14 - PHP Notice:  Undefined variable: mysql in /Users/andrew/workspace/www/myopencart/install/controller/install/step_3.php on line 280
2019-09-11 12:08:14 - PHP Notice:  Trying to get property of non-object in /Users/andrew/workspace/www/myopencart/install/controller/install/step_3.php on line 280
2019-09-11 12:08:31 - PHP Warning:  mysqli::__construct(): (HY000/2002): No such file or directory in /Users/andrew/workspace/www/myopencart/system/library/db/mysqli.php on line 7
2019-09-11 12:08:31 - PHP Warning:  DB\MySQLi::__construct(): Couldn't fetch mysqli in /Users/andrew/workspace/www/myopencart/system/library/db/mysqli.php on line 10
2019-09-11 12:08:31 - PHP Warning:  DB\MySQLi::__construct(): Couldn't fetch mysqli in /Users/andrew/workspace/www/myopencart/system/library/db/mysqli.php on line 10
2019-09-11 12:08:31 - PHP Notice:  Undefined variable: mysql in /Users/andrew/workspace/www/myopencart/install/controller/install/step_3.php on line 280
2019-09-11 12:08:31 - PHP Notice:  Trying to get property of non-object in /Users/andrew/workspace/www/myopencart/install/controller/install/step_3.php on line 280
2019-09-11 12:16:44 - PHP Warning:  mysqli::__construct(): (HY000/2002): No such file or directory in /Users/andrew/workspace/www/myopencart/system/library/db/mysqli.php on line 7
2019-09-11 12:16:44 - PHP Warning:  DB\MySQLi::__construct(): Couldn't fetch mysqli in /Users/andrew/workspace/www/myopencart/system/library/db/mysqli.php on line 10
2019-09-11 12:16:44 - PHP Warning:  DB\MySQLi::__construct(): Couldn't fetch mysqli in /Users/andrew/workspace/www/myopencart/system/library/db/mysqli.php on line 10
2019-09-11 12:16:44 - PHP Notice:  Undefined variable: mysql in /Users/andrew/workspace/www/myopencart/install/controller/install/step_3.php on line 280
2019-09-11 12:16:44 - PHP Notice:  Trying to get property of non-object in /Users/andrew/workspace/www/myopencart/install/controller/install/step_3.php on line 280
2019-09-11 12:19:59 - PHP Warning:  mysqli::__construct(): (HY000/2002): No such file or directory in /Users/andrew/workspace/www/myopencart/system/library/db/mysqli.php on line 7
2019-09-11 12:19:59 - PHP Warning:  DB\MySQLi::__construct(): Couldn't fetch mysqli in /Users/andrew/workspace/www/myopencart/system/library/db/mysqli.php on line 10
2019-09-11 12:19:59 - PHP Warning:  DB\MySQLi::__construct(): Couldn't fetch mysqli in /Users/andrew/workspace/www/myopencart/system/library/db/mysqli.php on line 10
2019-09-11 12:19:59 - PHP Notice:  Undefined variable: mysql in /Users/andrew/workspace/www/myopencart/install/controller/install/step_3.php on line 280
2019-09-11 12:19:59 - PHP Notice:  Trying to get property of non-object in /Users/andrew/workspace/www/myopencart/install/controller/install/step_3.php on line 280
2019-09-11 12:21:31 - PHP Warning:  mysqli::__construct(): (HY000/2002): No such file or directory in /Users/andrew/workspace/www/myopencart/system/library/db/mysqli.php on line 7
2019-09-11 12:21:31 - PHP Warning:  DB\MySQLi::__construct(): Couldn't fetch mysqli in /Users/andrew/workspace/www/myopencart/system/library/db/mysqli.php on line 10
2019-09-11 12:21:31 - PHP Warning:  DB\MySQLi::__construct(): Couldn't fetch mysqli in /Users/andrew/workspace/www/myopencart/system/library/db/mysqli.php on line 10
2019-09-11 12:21:31 - PHP Notice:  Undefined variable: mysql in /Users/andrew/workspace/www/myopencart/install/controller/install/step_3.php on line 280
2019-09-11 12:21:31 - PHP Notice:  Trying to get property of non-object in /Users/andrew/workspace/www/myopencart/install/controller/install/step_3.php on line 280
2019-09-11 12:21:57 - PHP Warning:  mysqli::__construct(): (HY000/2002): No such file or directory in /Users/andrew/workspace/www/myopencart/system/library/db/mysqli.php on line 7
2019-09-11 12:21:57 - PHP Warning:  DB\MySQLi::__construct(): Couldn't fetch mysqli in /Users/andrew/workspace/www/myopencart/system/library/db/mysqli.php on line 10
2019-09-11 12:21:57 - PHP Warning:  DB\MySQLi::__construct(): Couldn't fetch mysqli in /Users/andrew/workspace/www/myopencart/system/library/db/mysqli.php on line 10
2019-09-11 12:21:57 - PHP Notice:  Undefined variable: mysql in /Users/andrew/workspace/www/myopencart/install/controller/install/step_3.php on line 280
2019-09-11 12:21:57 - PHP Notice:  Trying to get property of non-object in /Users/andrew/workspace/www/myopencart/install/controller/install/step_3.php on line 280
2019-09-11 12:26:56 - PHP Warning:  mysqli::__construct(): (HY000/2002): No such file or directory in /Users/andrew/workspace/www/myopencart/system/library/db/mysqli.php on line 7
2019-09-11 12:26:56 - PHP Warning:  DB\MySQLi::__construct(): Couldn't fetch mysqli in /Users/andrew/workspace/www/myopencart/system/library/db/mysqli.php on line 10
2019-09-11 12:26:56 - PHP Warning:  DB\MySQLi::__construct(): Couldn't fetch mysqli in /Users/andrew/workspace/www/myopencart/system/library/db/mysqli.php on line 10
2019-09-11 12:27:03 - PHP Warning:  mysqli::__construct(): (HY000/2002): No such file or directory in /Users/andrew/workspace/www/myopencart/system/library/db/mysqli.php on line 7
2019-09-11 12:27:03 - PHP Warning:  DB\MySQLi::__construct(): Couldn't fetch mysqli in /Users/andrew/workspace/www/myopencart/system/library/db/mysqli.php on line 10
2019-09-11 12:27:03 - PHP Warning:  DB\MySQLi::__construct(): Couldn't fetch mysqli in /Users/andrew/workspace/www/myopencart/system/library/db/mysqli.php on line 10
2019-09-11 12:27:14 - PHP Warning:  mysqli::__construct(): (HY000/2002): No such file or directory in /Users/andrew/workspace/www/myopencart/system/library/db/mysqli.php on line 7
2019-09-11 12:27:14 - PHP Warning:  DB\MySQLi::__construct(): Couldn't fetch mysqli in /Users/andrew/workspace/www/myopencart/system/library/db/mysqli.php on line 10
2019-09-11 12:27:14 - PHP Warning:  DB\MySQLi::__construct(): Couldn't fetch mysqli in /Users/andrew/workspace/www/myopencart/system/library/db/mysqli.php on line 10
2019-09-11 12:27:14 - PHP Notice:  Undefined variable: mysql in /Users/andrew/workspace/www/myopencart/install/controller/install/step_3.php on line 280
2019-09-11 12:27:14 - PHP Notice:  Trying to get property of non-object in /Users/andrew/workspace/www/myopencart/install/controller/install/step_3.php on line 280
2019-09-11 12:33:18 - PHP Warning:  mysqli::__construct(): (HY000/2002): No such file or directory in /Users/andrew/workspace/www/myopencart/system/library/db/mysqli.php on line 7
2019-09-11 12:33:18 - PHP Warning:  DB\MySQLi::__construct(): Couldn't fetch mysqli in /Users/andrew/workspace/www/myopencart/system/library/db/mysqli.php on line 10
2019-09-11 12:33:18 - PHP Warning:  DB\MySQLi::__construct(): Couldn't fetch mysqli in /Users/andrew/workspace/www/myopencart/system/library/db/mysqli.php on line 10
2019-09-11 12:33:18 - PHP Notice:  Undefined variable: mysql in /Users/andrew/workspace/www/myopencart/install/controller/install/step_3.php on line 280
2019-09-11 12:33:18 - PHP Notice:  Trying to get property of non-object in /Users/andrew/workspace/www/myopencart/install/controller/install/step_3.php on line 280
